{
"contracts/PaymentSplitter.sol":{"l":{"29":14,"30":12,"31":10,"32":10,"33":22,"34":16,"42":1,"43":1,"51":1,"58":8,"65":2,"72":8,"80":1,"87":8,"88":8,"91":2,"93":2,"94":2,"103":8,"104":8,"105":4,"107":4,"108":4,"109":4,"110":4,"111":2,"112":2,"113":2,"115":2,"116":2,"128":8,"137":22,"138":20,"139":18,"141":16,"142":16,"143":16,"144":16,"149":1},"path":"/home/ubox141/Desktop/Blockchain Work'/PSv2/PaySpliter/contracts/PaymentSplitter.sol","s":{"1":14,"2":12,"3":10,"4":10,"5":22,"6":16,"7":1,"8":1,"9":1,"10":8,"11":2,"12":8,"13":1,"14":8,"15":8,"16":2,"17":2,"18":2,"19":8,"20":8,"21":4,"22":4,"23":4,"24":4,"25":4,"26":2,"27":2,"28":2,"29":2,"30":2,"31":8,"32":22,"33":20,"34":18,"35":16,"36":16,"37":16,"38":16,"39":1},"b":{"1":[12,2],"2":[10,2],"3":[1,0],"4":[2,0],"5":[2,0],"6":[4,4],"7":[4,0],"8":[4,0],"9":[2,2],"10":[20,2],"11":[18,2],"12":[16,2]},"f":{"1":14,"2":1,"3":1,"4":8,"5":2,"6":8,"7":1,"8":8,"9":2,"10":8,"11":8,"12":22,"13":1},"fnMap":{"1":{"name":"constructor","line":28,"loc":{"start":{"line":28,"column":4},"end":{"line":36,"column":4}}},"2":{"name":"pay","line":39,"loc":{"start":{"line":39,"column":4},"end":{"line":45,"column":4}}},"3":{"name":"totalShares","line":50,"loc":{"start":{"line":50,"column":4},"end":{"line":52,"column":4}}},"4":{"name":"totalReleased","line":57,"loc":{"start":{"line":57,"column":4},"end":{"line":59,"column":4}}},"5":{"name":"shares","line":64,"loc":{"start":{"line":64,"column":4},"end":{"line":66,"column":4}}},"6":{"name":"released","line":71,"loc":{"start":{"line":71,"column":4},"end":{"line":73,"column":4}}},"7":{"name":"payee","line":79,"loc":{"start":{"line":79,"column":4},"end":{"line":81,"column":4}}},"8":{"name":"releasable","line":86,"loc":{"start":{"line":86,"column":4},"end":{"line":89,"column":4}}},"9":{"name":"sendValue","line":90,"loc":{"start":{"line":90,"column":4},"end":{"line":95,"column":4}}},"10":{"name":"release","line":102,"loc":{"start":{"line":102,"column":4},"end":{"line":117,"column":4}}},"11":{"name":"_pendingPayment","line":123,"loc":{"start":{"line":123,"column":4},"end":{"line":129,"column":4}}},"12":{"name":"_addPayee","line":136,"loc":{"start":{"line":136,"column":4},"end":{"line":145,"column":4}}},"13":{"name":"getContractbalance","line":147,"loc":{"start":{"line":147,"column":4},"end":{"line":150,"column":4}}}},"statementMap":{"1":{"start":{"line":29,"column":8},"end":{"line":29,"column":101}},"2":{"start":{"line":30,"column":8},"end":{"line":30,"column":63}},"3":{"start":{"line":31,"column":8},"end":{"line":31,"column":41}},"4":{"start":{"line":32,"column":8},"end":{"line":32,"column":1248}},"5":{"start":{"line":33,"column":12},"end":{"line":33,"column":43}},"6":{"start":{"line":34,"column":12},"end":{"line":34,"column":46}},"7":{"start":{"line":42,"column":12},"end":{"line":42,"column":41}},"8":{"start":{"line":43,"column":12},"end":{"line":43,"column":55}},"9":{"start":{"line":51,"column":8},"end":{"line":51,"column":27}},"10":{"start":{"line":58,"column":8},"end":{"line":58,"column":29}},"11":{"start":{"line":65,"column":8},"end":{"line":65,"column":31}},"12":{"start":{"line":72,"column":8},"end":{"line":72,"column":33}},"13":{"start":{"line":80,"column":8},"end":{"line":80,"column":29}},"14":{"start":{"line":87,"column":8},"end":{"line":87,"column":71}},"15":{"start":{"line":88,"column":8},"end":{"line":88,"column":73}},"16":{"start":{"line":91,"column":8},"end":{"line":91,"column":80}},"17":{"start":{"line":93,"column":8},"end":{"line":93,"column":60}},"18":{"start":{"line":94,"column":8},"end":{"line":94,"column":85}},"19":{"start":{"line":103,"column":8},"end":{"line":103,"column":51}},"20":{"start":{"line":104,"column":8},"end":{"line":104,"column":78}},"21":{"start":{"line":105,"column":8},"end":{"line":105,"column":78}},"22":{"start":{"line":107,"column":8},"end":{"line":107,"column":49}},"23":{"start":{"line":108,"column":8},"end":{"line":108,"column":53}},"24":{"start":{"line":109,"column":8},"end":{"line":109,"column":75}},"25":{"start":{"line":110,"column":8},"end":{"line":110,"column":94}},"26":{"start":{"line":111,"column":8},"end":{"line":111,"column":62}},"27":{"start":{"line":112,"column":8},"end":{"line":112,"column":36}},"28":{"start":{"line":113,"column":8},"end":{"line":113,"column":32}},"29":{"start":{"line":115,"column":8},"end":{"line":115,"column":34}},"30":{"start":{"line":116,"column":8},"end":{"line":116,"column":46}},"31":{"start":{"line":128,"column":8},"end":{"line":128,"column":86}},"32":{"start":{"line":137,"column":8},"end":{"line":137,"column":85}},"33":{"start":{"line":138,"column":8},"end":{"line":138,"column":60}},"34":{"start":{"line":139,"column":8},"end":{"line":139,"column":84}},"35":{"start":{"line":141,"column":8},"end":{"line":141,"column":28}},"36":{"start":{"line":142,"column":8},"end":{"line":142,"column":33}},"37":{"start":{"line":143,"column":8},"end":{"line":143,"column":44}},"38":{"start":{"line":144,"column":8},"end":{"line":144,"column":41}},"39":{"start":{"line":149,"column":8},"end":{"line":149,"column":36}}},"branchMap":{"1":{"line":29,"type":"if","locations":[{"start":{"line":29,"column":8},"end":{"line":29,"column":8}},{"start":{"line":29,"column":8},"end":{"line":29,"column":8}}]},"2":{"line":30,"type":"if","locations":[{"start":{"line":30,"column":8},"end":{"line":30,"column":8}},{"start":{"line":30,"column":8},"end":{"line":30,"column":8}}]},"3":{"line":42,"type":"if","locations":[{"start":{"line":42,"column":12},"end":{"line":42,"column":12}},{"start":{"line":42,"column":12},"end":{"line":42,"column":12}}]},"4":{"line":91,"type":"if","locations":[{"start":{"line":91,"column":8},"end":{"line":91,"column":8}},{"start":{"line":91,"column":8},"end":{"line":91,"column":8}}]},"5":{"line":94,"type":"if","locations":[{"start":{"line":94,"column":8},"end":{"line":94,"column":8}},{"start":{"line":94,"column":8},"end":{"line":94,"column":8}}]},"6":{"line":104,"type":"if","locations":[{"start":{"line":104,"column":8},"end":{"line":104,"column":8}},{"start":{"line":104,"column":8},"end":{"line":104,"column":8}}]},"7":{"line":105,"type":"if","locations":[{"start":{"line":105,"column":8},"end":{"line":105,"column":8}},{"start":{"line":105,"column":8},"end":{"line":105,"column":8}}]},"8":{"line":109,"type":"if","locations":[{"start":{"line":109,"column":8},"end":{"line":109,"column":8}},{"start":{"line":109,"column":8},"end":{"line":109,"column":8}}]},"9":{"line":110,"type":"if","locations":[{"start":{"line":110,"column":8},"end":{"line":110,"column":8}},{"start":{"line":110,"column":8},"end":{"line":110,"column":8}}]},"10":{"line":137,"type":"if","locations":[{"start":{"line":137,"column":8},"end":{"line":137,"column":8}},{"start":{"line":137,"column":8},"end":{"line":137,"column":8}}]},"11":{"line":138,"type":"if","locations":[{"start":{"line":138,"column":8},"end":{"line":138,"column":8}},{"start":{"line":138,"column":8},"end":{"line":138,"column":8}}]},"12":{"line":139,"type":"if","locations":[{"start":{"line":139,"column":8},"end":{"line":139,"column":8}},{"start":{"line":139,"column":8},"end":{"line":139,"column":8}}]}}}}
