TN:
SF:/home/ubox141/Desktop/Blockchain Work'/PSv2/PaySpliter/contracts/PaymentSplitter.sol
FN:28,constructor
FN:39,pay
FN:50,totalShares
FN:57,totalReleased
FN:64,shares
FN:71,released
FN:79,payee
FN:86,releasable
FN:90,sendValue
FN:102,release
FN:123,_pendingPayment
FN:136,_addPayee
FN:147,getContractbalance
FNF:13
FNH:13
FNDA:14,constructor
FNDA:1,pay
FNDA:1,totalShares
FNDA:8,totalReleased
FNDA:2,shares
FNDA:8,released
FNDA:1,payee
FNDA:8,releasable
FNDA:2,sendValue
FNDA:8,release
FNDA:8,_pendingPayment
FNDA:22,_addPayee
FNDA:1,getContractbalance
DA:29,14
DA:30,12
DA:31,10
DA:32,10
DA:33,22
DA:34,16
DA:42,1
DA:43,1
DA:51,1
DA:58,8
DA:65,2
DA:72,8
DA:80,1
DA:87,8
DA:88,8
DA:91,2
DA:93,2
DA:94,2
DA:103,8
DA:104,8
DA:105,4
DA:107,4
DA:108,4
DA:109,4
DA:110,4
DA:111,2
DA:112,2
DA:113,2
DA:115,2
DA:116,2
DA:128,8
DA:137,22
DA:138,20
DA:139,18
DA:141,16
DA:142,16
DA:143,16
DA:144,16
DA:149,1
LF:39
LH:39
BRDA:29,1,0,12
BRDA:29,1,1,2
BRDA:30,2,0,10
BRDA:30,2,1,2
BRDA:42,3,0,1
BRDA:42,3,1,0
BRDA:91,4,0,2
BRDA:91,4,1,0
BRDA:94,5,0,2
BRDA:94,5,1,0
BRDA:104,6,0,4
BRDA:104,6,1,4
BRDA:105,7,0,4
BRDA:105,7,1,0
BRDA:109,8,0,4
BRDA:109,8,1,0
BRDA:110,9,0,2
BRDA:110,9,1,2
BRDA:137,10,0,20
BRDA:137,10,1,2
BRDA:138,11,0,18
BRDA:138,11,1,2
BRDA:139,12,0,16
BRDA:139,12,1,2
BRF:24
BRH:19
end_of_record
